<?xml version="1.0" encoding="UTF-8"?>
<robot generator="Robot 3.2.2 (Python 3.9.1 on win32)" generated="20210223 16:55:37.262" rpa="false">
<suite id="s1" name="Soap" source="D:\Sample project1\TestCases\Soap-api\Soap.robot">
<test id="s1-t1" name="Test transaction for existing source account and existing destenation with invalid amount">
<kw name="TestESEDWIA" library="Helper">
<arguments>
<arg>${WSDL_URL}</arg>
<arg>1</arg>
<arg>2</arg>
<arg>aaa</arg>
</arguments>
<kw name="Create SOAP Client" library="SoapLibrary">
<doc>Loads a WSDL from the given URL and creates a Zeep client.
List all Available operations/methods with INFO log level.</doc>
<arguments>
<arg>${wsdl_file}</arg>
</arguments>
<msg timestamp="20210223 16:55:39.488" level="INFO">Connected to: http://localhost:8000/ws/transaction?wsdl</msg>
<msg timestamp="20210223 16:55:39.488" level="INFO">Available operations: dict_keys(['createTransaction'])</msg>
<status status="PASS" starttime="20210223 16:55:37.432" endtime="20210223 16:55:39.488"></status>
</kw>
<kw name="Create Dictionary" library="BuiltIn">
<doc>Creates and returns a dictionary based on the given ``items``.</doc>
<arguments>
<arg>amount=${amount}</arg>
<arg>from=${source_id}</arg>
<arg>to=${dest_id}</arg>
<arg>id=None</arg>
</arguments>
<assign>
<var>${arguments}</var>
</assign>
<msg timestamp="20210223 16:55:39.489" level="INFO">${arguments} = {'amount': 'aaa', 'from': '1', 'to': '2', 'id': 'None'}</msg>
<status status="PASS" starttime="20210223 16:55:39.488" endtime="20210223 16:55:39.489"></status>
</kw>
<kw name="Create Session" library="RequestsLibrary">
<doc>Create Session: create a HTTP session to a server</doc>
<arguments>
<arg>mysession</arg>
<arg>${ROOT_ENDPOINT}</arg>
</arguments>
<msg timestamp="20210223 16:55:39.489" level="INFO">Creating Session using : alias=mysession, url=http://localhost:8080/jakarta-ee-getting-started/rest, headers={},                     cookies={}, auth=None, timeout=None, proxies=None, verify=False,                     debug=0 </msg>
<status status="PASS" starttime="20210223 16:55:39.489" endtime="20210223 16:55:39.489"></status>
</kw>
<kw name="Get On Session" library="RequestsLibrary">
<doc>Sends a GET request on a previously created HTTP Session.</doc>
<arguments>
<arg>mysession</arg>
<arg>${PATH}${source_id}</arg>
</arguments>
<assign>
<var>${get_before_response}</var>
</assign>
<msg timestamp="20210223 16:55:39.495" level="INFO">GET Request : url=http://localhost:8080/jakarta-ee-getting-started/rest/accountHolders/1 
 path_url=/jakarta-ee-getting-started/rest/accountHolders/1 
 headers={'User-Agent': 'python-requests/2.25.1', 'Accept-Encoding': 'gzip, deflate', 'Accept': '*/*', 'Connection': 'keep-alive'} 
 body=None 
 </msg>
<msg timestamp="20210223 16:55:39.495" level="INFO">GET Response : url=http://localhost:8080/jakarta-ee-getting-started/rest/accountHolders/1 
 status=200, reason=OK 
 headers={'Server': 'GlassFish Server Open Source Edition  5.1.0 ', 'X-Powered-By': 'Servlet/3.1 JSP/2.3 (GlassFish Server Open Source Edition  5.1.0  Java/Amazon.com Inc./1.8)', 'Content-Type': 'application/json', 'Content-Length': '61'} 
 body={"balance":-5011.0,"firstName":"sds","id":"1","lastName":"z"} 
 </msg>
<msg timestamp="20210223 16:55:39.495" level="INFO">${get_before_response} = &lt;Response [200]&gt;</msg>
<status status="PASS" starttime="20210223 16:55:39.489" endtime="20210223 16:55:39.495"></status>
</kw>
<kw name="Get On Session" library="RequestsLibrary">
<doc>Sends a GET request on a previously created HTTP Session.</doc>
<arguments>
<arg>mysession</arg>
<arg>${PATH}${dest_id}</arg>
</arguments>
<assign>
<var>${get_des_before_response}</var>
</assign>
<msg timestamp="20210223 16:55:39.499" level="INFO">GET Request : url=http://localhost:8080/jakarta-ee-getting-started/rest/accountHolders/2 
 path_url=/jakarta-ee-getting-started/rest/accountHolders/2 
 headers={'User-Agent': 'python-requests/2.25.1', 'Accept-Encoding': 'gzip, deflate', 'Accept': '*/*', 'Connection': 'keep-alive'} 
 body=None 
 </msg>
<msg timestamp="20210223 16:55:39.499" level="INFO">GET Response : url=http://localhost:8080/jakarta-ee-getting-started/rest/accountHolders/2 
 status=200, reason=OK 
 headers={'Server': 'GlassFish Server Open Source Edition  5.1.0 ', 'X-Powered-By': 'Servlet/3.1 JSP/2.3 (GlassFish Server Open Source Edition  5.1.0  Java/Amazon.com Inc./1.8)', 'Content-Type': 'application/json', 'Content-Length': '61'} 
 body={"balance":3010.0,"firstName":"ss","id":"2","lastName":"ass"} 
 </msg>
<msg timestamp="20210223 16:55:39.499" level="INFO">${get_des_before_response} = &lt;Response [200]&gt;</msg>
<status status="PASS" starttime="20210223 16:55:39.495" endtime="20210223 16:55:39.499"></status>
</kw>
<kw name="Run Keyword And Ignore Error" library="BuiltIn">
<doc>Runs the given keyword with the given arguments and ignores possible error.</doc>
<arguments>
<arg>Call SOAP Method</arg>
<arg>createTransaction</arg>
<arg>${arguments}</arg>
</arguments>
<assign>
<var>${response}</var>
</assign>
<kw name="Call SOAP Method" library="SoapLibrary">
<doc>If the webservice have simple SOAP operation/method with few arguments, you can call the method with the given
`name` and `args`.</doc>
<arguments>
<arg>createTransaction</arg>
<arg>${arguments}</arg>
</arguments>
<status status="PASS" starttime="20210223 16:55:39.500" endtime="20210223 16:55:39.518"></status>
</kw>
<msg timestamp="20210223 16:55:39.518" level="INFO">${response} = ('PASS', {
    'amount': 0.0,
    'from': '1',
    'id': 'None',
    'to': '2'
})</msg>
<status status="PASS" starttime="20210223 16:55:39.500" endtime="20210223 16:55:39.518"></status>
</kw>
<kw name="Should Be Equal" library="BuiltIn">
<doc>Fails if the given objects are unequal.</doc>
<arguments>
<arg>${response}[0]</arg>
<arg>FAIL</arg>
<arg>transaction should not work when amount not number</arg>
</arguments>
<msg timestamp="20210223 16:55:39.518" level="FAIL">transaction should not work when amount not number: PASS != FAIL</msg>
<status status="FAIL" starttime="20210223 16:55:39.518" endtime="20210223 16:55:39.519"></status>
</kw>
<status status="FAIL" starttime="20210223 16:55:37.432" endtime="20210223 16:55:39.519"></status>
</kw>
<status status="FAIL" starttime="20210223 16:55:37.431" endtime="20210223 16:55:39.519" critical="yes">transaction should not work when amount not number: PASS != FAIL</status>
</test>
<test id="s1-t2" name="Test transaction for existing source account and non existing destenation with invalid amount">
<kw name="TestESNEDWIA" library="Helper">
<arguments>
<arg>${WSDL_URL}</arg>
<arg>1</arg>
<arg>1000</arg>
<arg>aaa</arg>
</arguments>
<kw name="Create SOAP Client" library="SoapLibrary">
<doc>Loads a WSDL from the given URL and creates a Zeep client.
List all Available operations/methods with INFO log level.</doc>
<arguments>
<arg>${wsdl_file}</arg>
</arguments>
<msg timestamp="20210223 16:55:41.557" level="INFO">Connected to: http://localhost:8000/ws/transaction?wsdl</msg>
<msg timestamp="20210223 16:55:41.557" level="INFO">Available operations: dict_keys(['createTransaction'])</msg>
<status status="PASS" starttime="20210223 16:55:39.521" endtime="20210223 16:55:41.557"></status>
</kw>
<kw name="Create Dictionary" library="BuiltIn">
<doc>Creates and returns a dictionary based on the given ``items``.</doc>
<arguments>
<arg>amount=${amount}</arg>
<arg>from=${source_id}</arg>
<arg>to=${dest_id}</arg>
<arg>id=None</arg>
</arguments>
<assign>
<var>${arguments}</var>
</assign>
<msg timestamp="20210223 16:55:41.560" level="INFO">${arguments} = {'amount': 'aaa', 'from': '1', 'to': '1000', 'id': 'None'}</msg>
<status status="PASS" starttime="20210223 16:55:41.558" endtime="20210223 16:55:41.560"></status>
</kw>
<kw name="Create Session" library="RequestsLibrary">
<doc>Create Session: create a HTTP session to a server</doc>
<arguments>
<arg>mysession</arg>
<arg>${ROOT_ENDPOINT}</arg>
</arguments>
<msg timestamp="20210223 16:55:41.561" level="INFO">Creating Session using : alias=mysession, url=http://localhost:8080/jakarta-ee-getting-started/rest, headers={},                     cookies={}, auth=None, timeout=None, proxies=None, verify=False,                     debug=0 </msg>
<status status="PASS" starttime="20210223 16:55:41.560" endtime="20210223 16:55:41.562"></status>
</kw>
<kw name="Get On Session" library="RequestsLibrary">
<doc>Sends a GET request on a previously created HTTP Session.</doc>
<arguments>
<arg>mysession</arg>
<arg>${PATH}${source_id}</arg>
</arguments>
<assign>
<var>${get_before_response}</var>
</assign>
<msg timestamp="20210223 16:55:41.573" level="INFO">GET Request : url=http://localhost:8080/jakarta-ee-getting-started/rest/accountHolders/1 
 path_url=/jakarta-ee-getting-started/rest/accountHolders/1 
 headers={'User-Agent': 'python-requests/2.25.1', 'Accept-Encoding': 'gzip, deflate', 'Accept': '*/*', 'Connection': 'keep-alive'} 
 body=None 
 </msg>
<msg timestamp="20210223 16:55:41.573" level="INFO">GET Response : url=http://localhost:8080/jakarta-ee-getting-started/rest/accountHolders/1 
 status=200, reason=OK 
 headers={'Server': 'GlassFish Server Open Source Edition  5.1.0 ', 'X-Powered-By': 'Servlet/3.1 JSP/2.3 (GlassFish Server Open Source Edition  5.1.0  Java/Amazon.com Inc./1.8)', 'Content-Type': 'application/json', 'Content-Length': '61'} 
 body={"balance":-5011.0,"firstName":"sds","id":"1","lastName":"z"} 
 </msg>
<msg timestamp="20210223 16:55:41.573" level="INFO">${get_before_response} = &lt;Response [200]&gt;</msg>
<status status="PASS" starttime="20210223 16:55:41.563" endtime="20210223 16:55:41.573"></status>
</kw>
<kw name="Run Keyword And Ignore Error" library="BuiltIn">
<doc>Runs the given keyword with the given arguments and ignores possible error.</doc>
<arguments>
<arg>Call SOAP Method</arg>
<arg>createTransaction</arg>
<arg>${arguments}</arg>
</arguments>
<assign>
<var>${response}</var>
</assign>
<kw name="Call SOAP Method" library="SoapLibrary">
<doc>If the webservice have simple SOAP operation/method with few arguments, you can call the method with the given
`name` and `args`.</doc>
<arguments>
<arg>createTransaction</arg>
<arg>${arguments}</arg>
</arguments>
<msg timestamp="20210223 16:55:41.582" level="FAIL">Fault: java.lang.NullPointerException</msg>
<status status="FAIL" starttime="20210223 16:55:41.574" endtime="20210223 16:55:41.582"></status>
</kw>
<msg timestamp="20210223 16:55:41.583" level="INFO">${response} = ('FAIL', 'Fault: java.lang.NullPointerException')</msg>
<status status="PASS" starttime="20210223 16:55:41.574" endtime="20210223 16:55:41.583"></status>
</kw>
<kw name="Should Be Equal" library="BuiltIn">
<doc>Fails if the given objects are unequal.</doc>
<arguments>
<arg>${response}[0]</arg>
<arg>FAIL</arg>
<arg>transaction should not work when amount not number</arg>
</arguments>
<status status="PASS" starttime="20210223 16:55:41.583" endtime="20210223 16:55:41.583"></status>
</kw>
<kw name="Get On Session" library="RequestsLibrary">
<doc>Sends a GET request on a previously created HTTP Session.</doc>
<arguments>
<arg>mysession</arg>
<arg>${PATH}${source_id}</arg>
</arguments>
<assign>
<var>${get_after_response}</var>
</assign>
<msg timestamp="20210223 16:55:41.587" level="INFO">GET Request : url=http://localhost:8080/jakarta-ee-getting-started/rest/accountHolders/1 
 path_url=/jakarta-ee-getting-started/rest/accountHolders/1 
 headers={'User-Agent': 'python-requests/2.25.1', 'Accept-Encoding': 'gzip, deflate', 'Accept': '*/*', 'Connection': 'keep-alive'} 
 body=None 
 </msg>
<msg timestamp="20210223 16:55:41.587" level="INFO">GET Response : url=http://localhost:8080/jakarta-ee-getting-started/rest/accountHolders/1 
 status=200, reason=OK 
 headers={'Server': 'GlassFish Server Open Source Edition  5.1.0 ', 'X-Powered-By': 'Servlet/3.1 JSP/2.3 (GlassFish Server Open Source Edition  5.1.0  Java/Amazon.com Inc./1.8)', 'Content-Type': 'application/json', 'Content-Length': '61'} 
 body={"balance":-5011.0,"firstName":"sds","id":"1","lastName":"z"} 
 </msg>
<msg timestamp="20210223 16:55:41.587" level="INFO">${get_after_response} = &lt;Response [200]&gt;</msg>
<status status="PASS" starttime="20210223 16:55:41.583" endtime="20210223 16:55:41.587"></status>
</kw>
<kw name="Get From Dictionary" library="Collections">
<doc>Returns a value from the given ``dictionary`` based on the given ``key``.</doc>
<arguments>
<arg>${get_before_response.json()}</arg>
<arg>balance</arg>
</arguments>
<assign>
<var>${balance_before}</var>
</assign>
<msg timestamp="20210223 16:55:41.587" level="INFO">${balance_before} = -5011.0</msg>
<status status="PASS" starttime="20210223 16:55:41.587" endtime="20210223 16:55:41.588"></status>
</kw>
<kw name="Get From Dictionary" library="Collections">
<doc>Returns a value from the given ``dictionary`` based on the given ``key``.</doc>
<arguments>
<arg>${get_after_response.json()}</arg>
<arg>balance</arg>
</arguments>
<assign>
<var>${balance_after}</var>
</assign>
<msg timestamp="20210223 16:55:41.588" level="INFO">${balance_after} = -5011.0</msg>
<status status="PASS" starttime="20210223 16:55:41.588" endtime="20210223 16:55:41.588"></status>
</kw>
<kw name="Should Be Equal" library="BuiltIn">
<doc>Fails if the given objects are unequal.</doc>
<arguments>
<arg>${balance_before}</arg>
<arg>${balance_after}</arg>
<arg>balance for source account must be same</arg>
</arguments>
<status status="PASS" starttime="20210223 16:55:41.588" endtime="20210223 16:55:41.588"></status>
</kw>
<status status="PASS" starttime="20210223 16:55:39.521" endtime="20210223 16:55:41.588"></status>
</kw>
<status status="PASS" starttime="20210223 16:55:39.521" endtime="20210223 16:55:41.589" critical="yes"></status>
</test>
<test id="s1-t3" name="Test transaction for non existing source account">
<kw name="TestNES" library="Helper">
<arguments>
<arg>${WSDL_URL}</arg>
<arg>1000</arg>
<arg>2</arg>
<arg>1</arg>
</arguments>
<kw name="Create SOAP Client" library="SoapLibrary">
<doc>Loads a WSDL from the given URL and creates a Zeep client.
List all Available operations/methods with INFO log level.</doc>
<arguments>
<arg>${wsdl_file}</arg>
</arguments>
<msg timestamp="20210223 16:55:43.631" level="INFO">Connected to: http://localhost:8000/ws/transaction?wsdl</msg>
<msg timestamp="20210223 16:55:43.631" level="INFO">Available operations: dict_keys(['createTransaction'])</msg>
<status status="PASS" starttime="20210223 16:55:41.591" endtime="20210223 16:55:43.631"></status>
</kw>
<kw name="Create Dictionary" library="BuiltIn">
<doc>Creates and returns a dictionary based on the given ``items``.</doc>
<arguments>
<arg>amount=${amount}</arg>
<arg>from=${source_id}</arg>
<arg>to=${dest_id}</arg>
<arg>id=None</arg>
</arguments>
<assign>
<var>${arguments}</var>
</assign>
<msg timestamp="20210223 16:55:43.633" level="INFO">${arguments} = {'amount': '1', 'from': '1000', 'to': '2', 'id': 'None'}</msg>
<status status="PASS" starttime="20210223 16:55:43.631" endtime="20210223 16:55:43.633"></status>
</kw>
<kw name="Run Keyword And Ignore Error" library="BuiltIn">
<doc>Runs the given keyword with the given arguments and ignores possible error.</doc>
<arguments>
<arg>Call SOAP Method</arg>
<arg>createTransaction</arg>
<arg>${arguments}</arg>
</arguments>
<assign>
<var>${response}</var>
</assign>
<kw name="Call SOAP Method" library="SoapLibrary">
<doc>If the webservice have simple SOAP operation/method with few arguments, you can call the method with the given
`name` and `args`.</doc>
<arguments>
<arg>createTransaction</arg>
<arg>${arguments}</arg>
</arguments>
<msg timestamp="20210223 16:55:43.643" level="FAIL">Fault: java.lang.NullPointerException</msg>
<status status="FAIL" starttime="20210223 16:55:43.634" endtime="20210223 16:55:43.643"></status>
</kw>
<msg timestamp="20210223 16:55:43.643" level="INFO">${response} = ('FAIL', 'Fault: java.lang.NullPointerException')</msg>
<status status="PASS" starttime="20210223 16:55:43.633" endtime="20210223 16:55:43.643"></status>
</kw>
<kw name="Should Be Equal" library="BuiltIn">
<doc>Fails if the given objects are unequal.</doc>
<arguments>
<arg>${response}[0]</arg>
<arg>FAIL</arg>
<arg>transaction should not work when source account non exist</arg>
</arguments>
<status status="PASS" starttime="20210223 16:55:43.644" endtime="20210223 16:55:43.644"></status>
</kw>
<status status="PASS" starttime="20210223 16:55:41.591" endtime="20210223 16:55:43.644"></status>
</kw>
<status status="PASS" starttime="20210223 16:55:41.590" endtime="20210223 16:55:43.645" critical="yes"></status>
</test>
<status status="FAIL" starttime="20210223 16:55:37.262" endtime="20210223 16:55:43.646"></status>
</suite>
<statistics>
<total>
<stat pass="2" fail="1">Critical Tests</stat>
<stat pass="2" fail="1">All Tests</stat>
</total>
<tag>
</tag>
<suite>
<stat pass="2" fail="1" id="s1" name="Soap">Soap</stat>
</suite>
</statistics>
<errors>
</errors>
</robot>
