<?xml version="1.0" encoding="UTF-8"?>
<robot generator="Robot 3.2.2 (Python 3.9.1 on win32)" generated="20210224 10:30:44.956" rpa="false">
<suite id="s1" name="Soap" source="D:\Sample project1\TestCases\Soap-api\Soap.robot">
<test id="s1-t1" name="Test transaction for existing source account with invalid amount">
<kw name="TestESWIA" library="Helper">
<arguments>
<arg>${WSDL_URL}</arg>
<arg>1</arg>
<arg>2</arg>
<arg>aa</arg>
</arguments>
<kw name="Create SOAP Client" library="SoapLibrary">
<doc>Loads a WSDL from the given URL and creates a Zeep client.
List all Available operations/methods with INFO log level.</doc>
<arguments>
<arg>${wsdl_file}</arg>
</arguments>
<msg timestamp="20210224 10:30:47.312" level="INFO">Connected to: http://localhost:8000/ws/transaction?wsdl</msg>
<msg timestamp="20210224 10:30:47.312" level="INFO">Available operations: dict_keys(['createTransaction'])</msg>
<status status="PASS" starttime="20210224 10:30:45.218" endtime="20210224 10:30:47.312"></status>
</kw>
<kw name="Create Dictionary" library="BuiltIn">
<doc>Creates and returns a dictionary based on the given ``items``.</doc>
<arguments>
<arg>amount=${amount}</arg>
<arg>from=${source_id}</arg>
<arg>to=${dest_id}</arg>
<arg>id=None</arg>
</arguments>
<assign>
<var>${arguments}</var>
</assign>
<msg timestamp="20210224 10:30:47.313" level="INFO">${arguments} = {'amount': 'aa', 'from': '1', 'to': '2', 'id': 'None'}</msg>
<status status="PASS" starttime="20210224 10:30:47.312" endtime="20210224 10:30:47.314"></status>
</kw>
<kw name="Create Session" library="RequestsLibrary">
<doc>Create Session: create a HTTP session to a server</doc>
<arguments>
<arg>mysession</arg>
<arg>${ROOT_ENDPOINT}</arg>
</arguments>
<msg timestamp="20210224 10:30:47.314" level="INFO">Creating Session using : alias=mysession, url=http://localhost:8080/jakarta-ee-getting-started/rest, headers={},                     cookies={}, auth=None, timeout=None, proxies=None, verify=False,                     debug=0 </msg>
<status status="PASS" starttime="20210224 10:30:47.314" endtime="20210224 10:30:47.314"></status>
</kw>
<kw name="Get On Session" library="RequestsLibrary">
<doc>Sends a GET request on a previously created HTTP Session.</doc>
<arguments>
<arg>mysession</arg>
<arg>${PATH}</arg>
</arguments>
<assign>
<var>${get_before_response}</var>
</assign>
<msg timestamp="20210224 10:30:48.231" level="INFO">GET Request : url=http://localhost:8080/jakarta-ee-getting-started/rest/accountHolders/ 
 path_url=/jakarta-ee-getting-started/rest/accountHolders/ 
 headers={'User-Agent': 'python-requests/2.25.1', 'Accept-Encoding': 'gzip, deflate', 'Accept': '*/*', 'Connection': 'keep-alive'} 
 body=None 
 </msg>
<msg timestamp="20210224 10:30:48.232" level="INFO">GET Response : url=http://localhost:8080/jakarta-ee-getting-started/rest/accountHolders/ 
 status=200, reason=OK 
 headers={'Server': 'GlassFish Server Open Source Edition  5.1.0 ', 'X-Powered-By': 'Servlet/3.1 JSP/2.3 (GlassFish Server Open Source Edition  5.1.0  Java/Amazon.com Inc./1.8)', 'Content-Type': 'application/json', 'Content-Length': '118'} 
 body=[{"balance":50.0,"firstName":"b","id":"2","lastName":"ss"},{"balance":100.0,"firstName":"b","id":"1","lastName":"ss"}] 
 </msg>
<msg timestamp="20210224 10:30:48.232" level="INFO">${get_before_response} = &lt;Response [200]&gt;</msg>
<status status="PASS" starttime="20210224 10:30:47.315" endtime="20210224 10:30:48.232"></status>
</kw>
<kw name="Run Keyword And Ignore Error" library="BuiltIn">
<doc>Runs the given keyword with the given arguments and ignores possible error.</doc>
<arguments>
<arg>Call SOAP Method</arg>
<arg>createTransaction</arg>
<arg>${arguments}</arg>
</arguments>
<assign>
<var>${response}</var>
</assign>
<kw name="Call SOAP Method" library="SoapLibrary">
<doc>If the webservice have simple SOAP operation/method with few arguments, you can call the method with the given
`name` and `args`.</doc>
<arguments>
<arg>createTransaction</arg>
<arg>${arguments}</arg>
</arguments>
<status status="PASS" starttime="20210224 10:30:48.233" endtime="20210224 10:30:48.253"></status>
</kw>
<msg timestamp="20210224 10:30:48.254" level="INFO">${response} = ('PASS', {
    'amount': 0.0,
    'from': '1',
    'id': 'None',
    'to': '2'
})</msg>
<status status="PASS" starttime="20210224 10:30:48.233" endtime="20210224 10:30:48.254"></status>
</kw>
<kw name="Should Be Equal" library="BuiltIn">
<doc>Fails if the given objects are unequal.</doc>
<arguments>
<arg>${response}[0]</arg>
<arg>FAIL</arg>
<arg>transaction should not work when amount not valid</arg>
</arguments>
<msg timestamp="20210224 10:30:48.255" level="FAIL">transaction should not work when amount not valid: PASS != FAIL</msg>
<status status="FAIL" starttime="20210224 10:30:48.254" endtime="20210224 10:30:48.255"></status>
</kw>
<status status="FAIL" starttime="20210224 10:30:45.218" endtime="20210224 10:30:48.256"></status>
</kw>
<status status="FAIL" starttime="20210224 10:30:45.217" endtime="20210224 10:30:48.256" critical="yes">transaction should not work when amount not valid: PASS != FAIL</status>
</test>
<test id="s1-t2" name="Test transaction for non existing source account">
<kw name="TestNES" library="Helper">
<arguments>
<arg>${WSDL_URL}</arg>
<arg>1000</arg>
<arg>2</arg>
<arg>1</arg>
</arguments>
<kw name="Create Session" library="RequestsLibrary">
<doc>Create Session: create a HTTP session to a server</doc>
<arguments>
<arg>mysession</arg>
<arg>${ROOT_ENDPOINT}</arg>
</arguments>
<msg timestamp="20210224 10:30:48.260" level="INFO">Creating Session using : alias=mysession, url=http://localhost:8080/jakarta-ee-getting-started/rest, headers={},                     cookies={}, auth=None, timeout=None, proxies=None, verify=False,                     debug=0 </msg>
<status status="PASS" starttime="20210224 10:30:48.260" endtime="20210224 10:30:48.261"></status>
</kw>
<kw name="Get On Session" library="RequestsLibrary">
<doc>Sends a GET request on a previously created HTTP Session.</doc>
<arguments>
<arg>mysession</arg>
<arg>${PATH}</arg>
</arguments>
<assign>
<var>${get_before_response}</var>
</assign>
<msg timestamp="20210224 10:30:48.806" level="INFO">GET Request : url=http://localhost:8080/jakarta-ee-getting-started/rest/accountHolders/ 
 path_url=/jakarta-ee-getting-started/rest/accountHolders/ 
 headers={'User-Agent': 'python-requests/2.25.1', 'Accept-Encoding': 'gzip, deflate', 'Accept': '*/*', 'Connection': 'keep-alive'} 
 body=None 
 </msg>
<msg timestamp="20210224 10:30:48.806" level="INFO">GET Response : url=http://localhost:8080/jakarta-ee-getting-started/rest/accountHolders/ 
 status=200, reason=OK 
 headers={'Server': 'GlassFish Server Open Source Edition  5.1.0 ', 'X-Powered-By': 'Servlet/3.1 JSP/2.3 (GlassFish Server Open Source Edition  5.1.0  Java/Amazon.com Inc./1.8)', 'Content-Type': 'application/json', 'Content-Length': '118'} 
 body=[{"balance":50.0,"firstName":"b","id":"2","lastName":"ss"},{"balance":100.0,"firstName":"b","id":"1","lastName":"ss"}] 
 </msg>
<msg timestamp="20210224 10:30:48.806" level="INFO">${get_before_response} = &lt;Response [200]&gt;</msg>
<status status="PASS" starttime="20210224 10:30:48.261" endtime="20210224 10:30:48.806"></status>
</kw>
<kw name="Create SOAP Client" library="SoapLibrary">
<doc>Loads a WSDL from the given URL and creates a Zeep client.
List all Available operations/methods with INFO log level.</doc>
<arguments>
<arg>${wsdl_file}</arg>
</arguments>
<msg timestamp="20210224 10:30:50.857" level="INFO">Connected to: http://localhost:8000/ws/transaction?wsdl</msg>
<msg timestamp="20210224 10:30:50.857" level="INFO">Available operations: dict_keys(['createTransaction'])</msg>
<status status="PASS" starttime="20210224 10:30:48.806" endtime="20210224 10:30:50.857"></status>
</kw>
<kw name="Create Dictionary" library="BuiltIn">
<doc>Creates and returns a dictionary based on the given ``items``.</doc>
<arguments>
<arg>amount=${amount}</arg>
<arg>from=${source_id}</arg>
<arg>to=${dest_id}</arg>
<arg>id=None</arg>
</arguments>
<assign>
<var>${arguments}</var>
</assign>
<msg timestamp="20210224 10:30:50.860" level="INFO">${arguments} = {'amount': '1', 'from': '1000', 'to': '2', 'id': 'None'}</msg>
<status status="PASS" starttime="20210224 10:30:50.858" endtime="20210224 10:30:50.861"></status>
</kw>
<kw name="Run Keyword And Ignore Error" library="BuiltIn">
<doc>Runs the given keyword with the given arguments and ignores possible error.</doc>
<arguments>
<arg>Call SOAP Method</arg>
<arg>createTransaction</arg>
<arg>${arguments}</arg>
</arguments>
<assign>
<var>${response}</var>
</assign>
<kw name="Call SOAP Method" library="SoapLibrary">
<doc>If the webservice have simple SOAP operation/method with few arguments, you can call the method with the given
`name` and `args`.</doc>
<arguments>
<arg>createTransaction</arg>
<arg>${arguments}</arg>
</arguments>
<msg timestamp="20210224 10:30:50.877" level="FAIL">Fault: java.lang.NullPointerException</msg>
<status status="FAIL" starttime="20210224 10:30:50.862" endtime="20210224 10:30:50.877"></status>
</kw>
<msg timestamp="20210224 10:30:50.877" level="INFO">${response} = ('FAIL', 'Fault: java.lang.NullPointerException')</msg>
<status status="PASS" starttime="20210224 10:30:50.861" endtime="20210224 10:30:50.877"></status>
</kw>
<kw name="Should Be Equal" library="BuiltIn">
<doc>Fails if the given objects are unequal.</doc>
<arguments>
<arg>${response}[0]</arg>
<arg>FAIL</arg>
<arg>transaction should not work when source account non exist</arg>
</arguments>
<status status="PASS" starttime="20210224 10:30:50.878" endtime="20210224 10:30:50.879"></status>
</kw>
<kw name="Get On Session" library="RequestsLibrary">
<doc>Sends a GET request on a previously created HTTP Session.</doc>
<arguments>
<arg>mysession</arg>
<arg>${PATH}</arg>
</arguments>
<assign>
<var>${get_after_response}</var>
</assign>
<msg timestamp="20210224 10:30:51.533" level="INFO">GET Request : url=http://localhost:8080/jakarta-ee-getting-started/rest/accountHolders/ 
 path_url=/jakarta-ee-getting-started/rest/accountHolders/ 
 headers={'User-Agent': 'python-requests/2.25.1', 'Accept-Encoding': 'gzip, deflate', 'Accept': '*/*', 'Connection': 'keep-alive'} 
 body=None 
 </msg>
<msg timestamp="20210224 10:30:51.533" level="INFO">GET Response : url=http://localhost:8080/jakarta-ee-getting-started/rest/accountHolders/ 
 status=200, reason=OK 
 headers={'Server': 'GlassFish Server Open Source Edition  5.1.0 ', 'X-Powered-By': 'Servlet/3.1 JSP/2.3 (GlassFish Server Open Source Edition  5.1.0  Java/Amazon.com Inc./1.8)', 'Content-Type': 'application/json', 'Content-Length': '118'} 
 body=[{"balance":50.0,"firstName":"b","id":"2","lastName":"ss"},{"balance":100.0,"firstName":"b","id":"1","lastName":"ss"}] 
 </msg>
<msg timestamp="20210224 10:30:51.533" level="INFO">${get_after_response} = &lt;Response [200]&gt;</msg>
<status status="PASS" starttime="20210224 10:30:50.880" endtime="20210224 10:30:51.533"></status>
</kw>
<kw name="Should Be Equal" library="BuiltIn">
<doc>Fails if the given objects are unequal.</doc>
<arguments>
<arg>${get_before_response.json()}</arg>
<arg>${get_after_response.json()}</arg>
<arg>transaction should not work when source account non exist</arg>
</arguments>
<status status="PASS" starttime="20210224 10:30:51.533" endtime="20210224 10:30:51.533"></status>
</kw>
<status status="PASS" starttime="20210224 10:30:48.259" endtime="20210224 10:30:51.533"></status>
</kw>
<status status="PASS" starttime="20210224 10:30:48.258" endtime="20210224 10:30:51.534" critical="yes"></status>
</test>
<status status="FAIL" starttime="20210224 10:30:44.959" endtime="20210224 10:30:51.534"></status>
</suite>
<statistics>
<total>
<stat pass="1" fail="1">Critical Tests</stat>
<stat pass="1" fail="1">All Tests</stat>
</total>
<tag>
</tag>
<suite>
<stat pass="1" fail="1" id="s1" name="Soap">Soap</stat>
</suite>
</statistics>
<errors>
</errors>
</robot>
